2024-05-29 13:18:24,107 - INFO - Starting Al Jazeera Bot...
2024-05-29 13:18:24,108 - INFO - Opening Al Jazeera website...
2024-05-29 13:23:02,175 - INFO - Waiting for element with XPath //input[@type='search']...
2024-05-29 13:23:12,521 - ERROR - Error during search: Message: 
Stacktrace:
	GetHandleVerifier [0x00007FF6C7D51F22+60322]
	(No symbol) [0x00007FF6C7CCCE99]
	(No symbol) [0x00007FF6C7B87EBA]
	(No symbol) [0x00007FF6C7BD7676]
	(No symbol) [0x00007FF6C7BD773C]
	(No symbol) [0x00007FF6C7C1E967]
	(No symbol) [0x00007FF6C7BFC25F]
	(No symbol) [0x00007FF6C7C1BC80]
	(No symbol) [0x00007FF6C7BFBFC3]
	(No symbol) [0x00007FF6C7BC9617]
	(No symbol) [0x00007FF6C7BCA211]
	GetHandleVerifier [0x00007FF6C806946D+3301613]
	GetHandleVerifier [0x00007FF6C80B3693+3605267]
	GetHandleVerifier [0x00007FF6C80A9410+3563664]
	GetHandleVerifier [0x00007FF6C7E042F6+790390]
	(No symbol) [0x00007FF6C7CD74DF]
	(No symbol) [0x00007FF6C7CD33D4]
	(No symbol) [0x00007FF6C7CD3562]
	(No symbol) [0x00007FF6C7CC2F6F]
	BaseThreadInitThunk [0x00007FF8D4351FE4+20]
	RtlUserThreadStart [0x00007FF8D5ADEF91+33]

2024-05-29 13:23:12,522 - INFO - Navigating to the news category page...
2024-05-29 13:24:03,439 - INFO - News category page loaded successfully.
2024-05-29 13:24:03,439 - INFO - Extracting news data...
2024-05-29 13:24:03,440 - INFO - Waiting for elements with XPath //article...
2024-05-29 13:24:03,700 - ERROR - Error getting text from element with XPath './/time': Message: no such element: Unable to locate element: {"method":"xpath","selector":".//time"}
  (Session info: chrome=125.0.6422.112); For documentation on this error, please visit: https://www.selenium.dev/documentation/webdriver/troubleshooting/errors#no-such-element-exception
Stacktrace:
	GetHandleVerifier [0x00007FF6C7D51F22+60322]
	(No symbol) [0x00007FF6C7CCCE99]
	(No symbol) [0x00007FF6C7B87EBA]
	(No symbol) [0x00007FF6C7BD7676]
	(No symbol) [0x00007FF6C7BD773C]
	(No symbol) [0x00007FF6C7BCAEEC]
	(No symbol) [0x00007FF6C7BFC25F]
	(No symbol) [0x00007FF6C7BCADB6]
	(No symbol) [0x00007FF6C7BFC430]
	(No symbol) [0x00007FF6C7C1BC80]
	(No symbol) [0x00007FF6C7BFBFC3]
	(No symbol) [0x00007FF6C7BC9617]
	(No symbol) [0x00007FF6C7BCA211]
	GetHandleVerifier [0x00007FF6C806946D+3301613]
	GetHandleVerifier [0x00007FF6C80B3693+3605267]
	GetHandleVerifier [0x00007FF6C80A9410+3563664]
	GetHandleVerifier [0x00007FF6C7E042F6+790390]
	(No symbol) [0x00007FF6C7CD74DF]
	(No symbol) [0x00007FF6C7CD33D4]
	(No symbol) [0x00007FF6C7CD3562]
	(No symbol) [0x00007FF6C7CC2F6F]
	BaseThreadInitThunk [0x00007FF8D4351FE4+20]
	RtlUserThreadStart [0x00007FF8D5ADEF91+33]

2024-05-29 13:24:05,888 - ERROR - Error getting text from element with XPath './/time': Message: no such element: Unable to locate element: {"method":"xpath","selector":".//time"}
  (Session info: chrome=125.0.6422.112); For documentation on this error, please visit: https://www.selenium.dev/documentation/webdriver/troubleshooting/errors#no-such-element-exception
Stacktrace:
	GetHandleVerifier [0x00007FF6C7D51F22+60322]
	(No symbol) [0x00007FF6C7CCCE99]
	(No symbol) [0x00007FF6C7B87EBA]
	(No symbol) [0x00007FF6C7BD7676]
	(No symbol) [0x00007FF6C7BD773C]
	(No symbol) [0x00007FF6C7BCAEEC]
	(No symbol) [0x00007FF6C7BFC25F]
	(No symbol) [0x00007FF6C7BCADB6]
	(No symbol) [0x00007FF6C7BFC430]
	(No symbol) [0x00007FF6C7C1BC80]
	(No symbol) [0x00007FF6C7BFBFC3]
	(No symbol) [0x00007FF6C7BC9617]
	(No symbol) [0x00007FF6C7BCA211]
	GetHandleVerifier [0x00007FF6C806946D+3301613]
	GetHandleVerifier [0x00007FF6C80B3693+3605267]
	GetHandleVerifier [0x00007FF6C80A9410+3563664]
	GetHandleVerifier [0x00007FF6C7E042F6+790390]
	(No symbol) [0x00007FF6C7CD74DF]
	(No symbol) [0x00007FF6C7CD33D4]
	(No symbol) [0x00007FF6C7CD3562]
	(No symbol) [0x00007FF6C7CC2F6F]
	BaseThreadInitThunk [0x00007FF8D4351FE4+20]
	RtlUserThreadStart [0x00007FF8D5ADEF91+33]

2024-05-29 13:24:07,834 - ERROR - Error getting text from element with XPath './/time': Message: no such element: Unable to locate element: {"method":"xpath","selector":".//time"}
  (Session info: chrome=125.0.6422.112); For documentation on this error, please visit: https://www.selenium.dev/documentation/webdriver/troubleshooting/errors#no-such-element-exception
Stacktrace:
	GetHandleVerifier [0x00007FF6C7D51F22+60322]
	(No symbol) [0x00007FF6C7CCCE99]
	(No symbol) [0x00007FF6C7B87EBA]
	(No symbol) [0x00007FF6C7BD7676]
	(No symbol) [0x00007FF6C7BD773C]
	(No symbol) [0x00007FF6C7BCAEEC]
	(No symbol) [0x00007FF6C7BFC25F]
	(No symbol) [0x00007FF6C7BCADB6]
	(No symbol) [0x00007FF6C7BFC430]
	(No symbol) [0x00007FF6C7C1BC80]
	(No symbol) [0x00007FF6C7BFBFC3]
	(No symbol) [0x00007FF6C7BC9617]
	(No symbol) [0x00007FF6C7BCA211]
	GetHandleVerifier [0x00007FF6C806946D+3301613]
	GetHandleVerifier [0x00007FF6C80B3693+3605267]
	GetHandleVerifier [0x00007FF6C80A9410+3563664]
	GetHandleVerifier [0x00007FF6C7E042F6+790390]
	(No symbol) [0x00007FF6C7CD74DF]
	(No symbol) [0x00007FF6C7CD33D4]
	(No symbol) [0x00007FF6C7CD3562]
	(No symbol) [0x00007FF6C7CC2F6F]
	BaseThreadInitThunk [0x00007FF8D4351FE4+20]
	RtlUserThreadStart [0x00007FF8D5ADEF91+33]

2024-05-29 13:24:10,237 - ERROR - Error getting text from element with XPath './/time': Message: no such element: Unable to locate element: {"method":"xpath","selector":".//time"}
  (Session info: chrome=125.0.6422.112); For documentation on this error, please visit: https://www.selenium.dev/documentation/webdriver/troubleshooting/errors#no-such-element-exception
Stacktrace:
	GetHandleVerifier [0x00007FF6C7D51F22+60322]
	(No symbol) [0x00007FF6C7CCCE99]
	(No symbol) [0x00007FF6C7B87EBA]
	(No symbol) [0x00007FF6C7BD7676]
	(No symbol) [0x00007FF6C7BD773C]
	(No symbol) [0x00007FF6C7BCAEEC]
	(No symbol) [0x00007FF6C7BFC25F]
	(No symbol) [0x00007FF6C7BCADB6]
	(No symbol) [0x00007FF6C7BFC430]
	(No symbol) [0x00007FF6C7C1BC80]
	(No symbol) [0x00007FF6C7BFBFC3]
	(No symbol) [0x00007FF6C7BC9617]
	(No symbol) [0x00007FF6C7BCA211]
	GetHandleVerifier [0x00007FF6C806946D+3301613]
	GetHandleVerifier [0x00007FF6C80B3693+3605267]
	GetHandleVerifier [0x00007FF6C80A9410+3563664]
	GetHandleVerifier [0x00007FF6C7E042F6+790390]
	(No symbol) [0x00007FF6C7CD74DF]
	(No symbol) [0x00007FF6C7CD33D4]
	(No symbol) [0x00007FF6C7CD3562]
	(No symbol) [0x00007FF6C7CC2F6F]
	BaseThreadInitThunk [0x00007FF8D4351FE4+20]
	RtlUserThreadStart [0x00007FF8D5ADEF91+33]

2024-05-29 13:24:12,507 - ERROR - Error getting text from element with XPath './/time': Message: no such element: Unable to locate element: {"method":"xpath","selector":".//time"}
  (Session info: chrome=125.0.6422.112); For documentation on this error, please visit: https://www.selenium.dev/documentation/webdriver/troubleshooting/errors#no-such-element-exception
Stacktrace:
	GetHandleVerifier [0x00007FF6C7D51F22+60322]
	(No symbol) [0x00007FF6C7CCCE99]
	(No symbol) [0x00007FF6C7B87EBA]
	(No symbol) [0x00007FF6C7BD7676]
	(No symbol) [0x00007FF6C7BD773C]
	(No symbol) [0x00007FF6C7BCAEEC]
	(No symbol) [0x00007FF6C7BFC25F]
	(No symbol) [0x00007FF6C7BCADB6]
	(No symbol) [0x00007FF6C7BFC430]
	(No symbol) [0x00007FF6C7C1BC80]
	(No symbol) [0x00007FF6C7BFBFC3]
	(No symbol) [0x00007FF6C7BC9617]
	(No symbol) [0x00007FF6C7BCA211]
	GetHandleVerifier [0x00007FF6C806946D+3301613]
	GetHandleVerifier [0x00007FF6C80B3693+3605267]
	GetHandleVerifier [0x00007FF6C80A9410+3563664]
	GetHandleVerifier [0x00007FF6C7E042F6+790390]
	(No symbol) [0x00007FF6C7CD74DF]
	(No symbol) [0x00007FF6C7CD33D4]
	(No symbol) [0x00007FF6C7CD3562]
	(No symbol) [0x00007FF6C7CC2F6F]
	BaseThreadInitThunk [0x00007FF8D4351FE4+20]
	RtlUserThreadStart [0x00007FF8D5ADEF91+33]

2024-05-29 13:24:14,395 - ERROR - Error getting text from element with XPath './/time': Message: no such element: Unable to locate element: {"method":"xpath","selector":".//time"}
  (Session info: chrome=125.0.6422.112); For documentation on this error, please visit: https://www.selenium.dev/documentation/webdriver/troubleshooting/errors#no-such-element-exception
Stacktrace:
	GetHandleVerifier [0x00007FF6C7D51F22+60322]
	(No symbol) [0x00007FF6C7CCCE99]
	(No symbol) [0x00007FF6C7B87EBA]
	(No symbol) [0x00007FF6C7BD7676]
	(No symbol) [0x00007FF6C7BD773C]
	(No symbol) [0x00007FF6C7BCAEEC]
	(No symbol) [0x00007FF6C7BFC25F]
	(No symbol) [0x00007FF6C7BCADB6]
	(No symbol) [0x00007FF6C7BFC430]
	(No symbol) [0x00007FF6C7C1BC80]
	(No symbol) [0x00007FF6C7BFBFC3]
	(No symbol) [0x00007FF6C7BC9617]
	(No symbol) [0x00007FF6C7BCA211]
	GetHandleVerifier [0x00007FF6C806946D+3301613]
	GetHandleVerifier [0x00007FF6C80B3693+3605267]
	GetHandleVerifier [0x00007FF6C80A9410+3563664]
	GetHandleVerifier [0x00007FF6C7E042F6+790390]
	(No symbol) [0x00007FF6C7CD74DF]
	(No symbol) [0x00007FF6C7CD33D4]
	(No symbol) [0x00007FF6C7CD3562]
	(No symbol) [0x00007FF6C7CC2F6F]
	BaseThreadInitThunk [0x00007FF8D4351FE4+20]
	RtlUserThreadStart [0x00007FF8D5ADEF91+33]

2024-05-29 13:24:15,870 - ERROR - Error getting text from element with XPath './/time': Message: no such element: Unable to locate element: {"method":"xpath","selector":".//time"}
  (Session info: chrome=125.0.6422.112); For documentation on this error, please visit: https://www.selenium.dev/documentation/webdriver/troubleshooting/errors#no-such-element-exception
Stacktrace:
	GetHandleVerifier [0x00007FF6C7D51F22+60322]
	(No symbol) [0x00007FF6C7CCCE99]
	(No symbol) [0x00007FF6C7B87EBA]
	(No symbol) [0x00007FF6C7BD7676]
	(No symbol) [0x00007FF6C7BD773C]
	(No symbol) [0x00007FF6C7BCAEEC]
	(No symbol) [0x00007FF6C7BFC25F]
	(No symbol) [0x00007FF6C7BCADB6]
	(No symbol) [0x00007FF6C7BFC430]
	(No symbol) [0x00007FF6C7C1BC80]
	(No symbol) [0x00007FF6C7BFBFC3]
	(No symbol) [0x00007FF6C7BC9617]
	(No symbol) [0x00007FF6C7BCA211]
	GetHandleVerifier [0x00007FF6C806946D+3301613]
	GetHandleVerifier [0x00007FF6C80B3693+3605267]
	GetHandleVerifier [0x00007FF6C80A9410+3563664]
	GetHandleVerifier [0x00007FF6C7E042F6+790390]
	(No symbol) [0x00007FF6C7CD74DF]
	(No symbol) [0x00007FF6C7CD33D4]
	(No symbol) [0x00007FF6C7CD3562]
	(No symbol) [0x00007FF6C7CC2F6F]
	BaseThreadInitThunk [0x00007FF8D4351FE4+20]
	RtlUserThreadStart [0x00007FF8D5ADEF91+33]

2024-05-29 13:24:17,216 - ERROR - Error getting text from element with XPath './/time': Message: no such element: Unable to locate element: {"method":"xpath","selector":".//time"}
  (Session info: chrome=125.0.6422.112); For documentation on this error, please visit: https://www.selenium.dev/documentation/webdriver/troubleshooting/errors#no-such-element-exception
Stacktrace:
	GetHandleVerifier [0x00007FF6C7D51F22+60322]
	(No symbol) [0x00007FF6C7CCCE99]
	(No symbol) [0x00007FF6C7B87EBA]
	(No symbol) [0x00007FF6C7BD7676]
	(No symbol) [0x00007FF6C7BD773C]
	(No symbol) [0x00007FF6C7BCAEEC]
	(No symbol) [0x00007FF6C7BFC25F]
	(No symbol) [0x00007FF6C7BCADB6]
	(No symbol) [0x00007FF6C7BFC430]
	(No symbol) [0x00007FF6C7C1BC80]
	(No symbol) [0x00007FF6C7BFBFC3]
	(No symbol) [0x00007FF6C7BC9617]
	(No symbol) [0x00007FF6C7BCA211]
	GetHandleVerifier [0x00007FF6C806946D+3301613]
	GetHandleVerifier [0x00007FF6C80B3693+3605267]
	GetHandleVerifier [0x00007FF6C80A9410+3563664]
	GetHandleVerifier [0x00007FF6C7E042F6+790390]
	(No symbol) [0x00007FF6C7CD74DF]
	(No symbol) [0x00007FF6C7CD33D4]
	(No symbol) [0x00007FF6C7CD3562]
	(No symbol) [0x00007FF6C7CC2F6F]
	BaseThreadInitThunk [0x00007FF8D4351FE4+20]
	RtlUserThreadStart [0x00007FF8D5ADEF91+33]

2024-05-29 13:24:18,969 - ERROR - Error getting text from element with XPath './/time': Message: no such element: Unable to locate element: {"method":"xpath","selector":".//time"}
  (Session info: chrome=125.0.6422.112); For documentation on this error, please visit: https://www.selenium.dev/documentation/webdriver/troubleshooting/errors#no-such-element-exception
Stacktrace:
	GetHandleVerifier [0x00007FF6C7D51F22+60322]
	(No symbol) [0x00007FF6C7CCCE99]
	(No symbol) [0x00007FF6C7B87EBA]
	(No symbol) [0x00007FF6C7BD7676]
	(No symbol) [0x00007FF6C7BD773C]
	(No symbol) [0x00007FF6C7BCAEEC]
	(No symbol) [0x00007FF6C7BFC25F]
	(No symbol) [0x00007FF6C7BCADB6]
	(No symbol) [0x00007FF6C7BFC430]
	(No symbol) [0x00007FF6C7C1BC80]
	(No symbol) [0x00007FF6C7BFBFC3]
	(No symbol) [0x00007FF6C7BC9617]
	(No symbol) [0x00007FF6C7BCA211]
	GetHandleVerifier [0x00007FF6C806946D+3301613]
	GetHandleVerifier [0x00007FF6C80B3693+3605267]
	GetHandleVerifier [0x00007FF6C80A9410+3563664]
	GetHandleVerifier [0x00007FF6C7E042F6+790390]
	(No symbol) [0x00007FF6C7CD74DF]
	(No symbol) [0x00007FF6C7CD33D4]
	(No symbol) [0x00007FF6C7CD3562]
	(No symbol) [0x00007FF6C7CC2F6F]
	BaseThreadInitThunk [0x00007FF8D4351FE4+20]
	RtlUserThreadStart [0x00007FF8D5ADEF91+33]

2024-05-29 13:24:20,579 - ERROR - Error getting text from element with XPath './/time': Message: no such element: Unable to locate element: {"method":"xpath","selector":".//time"}
  (Session info: chrome=125.0.6422.112); For documentation on this error, please visit: https://www.selenium.dev/documentation/webdriver/troubleshooting/errors#no-such-element-exception
Stacktrace:
	GetHandleVerifier [0x00007FF6C7D51F22+60322]
	(No symbol) [0x00007FF6C7CCCE99]
	(No symbol) [0x00007FF6C7B87EBA]
	(No symbol) [0x00007FF6C7BD7676]
	(No symbol) [0x00007FF6C7BD773C]
	(No symbol) [0x00007FF6C7BCAEEC]
	(No symbol) [0x00007FF6C7BFC25F]
	(No symbol) [0x00007FF6C7BCADB6]
	(No symbol) [0x00007FF6C7BFC430]
	(No symbol) [0x00007FF6C7C1BC80]
	(No symbol) [0x00007FF6C7BFBFC3]
	(No symbol) [0x00007FF6C7BC9617]
	(No symbol) [0x00007FF6C7BCA211]
	GetHandleVerifier [0x00007FF6C806946D+3301613]
	GetHandleVerifier [0x00007FF6C80B3693+3605267]
	GetHandleVerifier [0x00007FF6C80A9410+3563664]
	GetHandleVerifier [0x00007FF6C7E042F6+790390]
	(No symbol) [0x00007FF6C7CD74DF]
	(No symbol) [0x00007FF6C7CD33D4]
	(No symbol) [0x00007FF6C7CD3562]
	(No symbol) [0x00007FF6C7CC2F6F]
	BaseThreadInitThunk [0x00007FF8D4351FE4+20]
	RtlUserThreadStart [0x00007FF8D5ADEF91+33]

2024-05-29 13:24:22,426 - ERROR - Error getting text from element with XPath './/time': Message: no such element: Unable to locate element: {"method":"xpath","selector":".//time"}
  (Session info: chrome=125.0.6422.112); For documentation on this error, please visit: https://www.selenium.dev/documentation/webdriver/troubleshooting/errors#no-such-element-exception
Stacktrace:
	GetHandleVerifier [0x00007FF6C7D51F22+60322]
	(No symbol) [0x00007FF6C7CCCE99]
	(No symbol) [0x00007FF6C7B87EBA]
	(No symbol) [0x00007FF6C7BD7676]
	(No symbol) [0x00007FF6C7BD773C]
	(No symbol) [0x00007FF6C7BCAEEC]
	(No symbol) [0x00007FF6C7BFC25F]
	(No symbol) [0x00007FF6C7BCADB6]
	(No symbol) [0x00007FF6C7BFC430]
	(No symbol) [0x00007FF6C7C1BC80]
	(No symbol) [0x00007FF6C7BFBFC3]
	(No symbol) [0x00007FF6C7BC9617]
	(No symbol) [0x00007FF6C7BCA211]
	GetHandleVerifier [0x00007FF6C806946D+3301613]
	GetHandleVerifier [0x00007FF6C80B3693+3605267]
	GetHandleVerifier [0x00007FF6C80A9410+3563664]
	GetHandleVerifier [0x00007FF6C7E042F6+790390]
	(No symbol) [0x00007FF6C7CD74DF]
	(No symbol) [0x00007FF6C7CD33D4]
	(No symbol) [0x00007FF6C7CD3562]
	(No symbol) [0x00007FF6C7CC2F6F]
	BaseThreadInitThunk [0x00007FF8D4351FE4+20]
	RtlUserThreadStart [0x00007FF8D5ADEF91+33]

2024-05-29 13:24:24,588 - ERROR - Error getting text from element with XPath './/time': Message: no such element: Unable to locate element: {"method":"xpath","selector":".//time"}
  (Session info: chrome=125.0.6422.112); For documentation on this error, please visit: https://www.selenium.dev/documentation/webdriver/troubleshooting/errors#no-such-element-exception
Stacktrace:
	GetHandleVerifier [0x00007FF6C7D51F22+60322]
	(No symbol) [0x00007FF6C7CCCE99]
	(No symbol) [0x00007FF6C7B87EBA]
	(No symbol) [0x00007FF6C7BD7676]
	(No symbol) [0x00007FF6C7BD773C]
	(No symbol) [0x00007FF6C7BCAEEC]
	(No symbol) [0x00007FF6C7BFC25F]
	(No symbol) [0x00007FF6C7BCADB6]
	(No symbol) [0x00007FF6C7BFC430]
	(No symbol) [0x00007FF6C7C1BC80]
	(No symbol) [0x00007FF6C7BFBFC3]
	(No symbol) [0x00007FF6C7BC9617]
	(No symbol) [0x00007FF6C7BCA211]
	GetHandleVerifier [0x00007FF6C806946D+3301613]
	GetHandleVerifier [0x00007FF6C80B3693+3605267]
	GetHandleVerifier [0x00007FF6C80A9410+3563664]
	GetHandleVerifier [0x00007FF6C7E042F6+790390]
	(No symbol) [0x00007FF6C7CD74DF]
	(No symbol) [0x00007FF6C7CD33D4]
	(No symbol) [0x00007FF6C7CD3562]
	(No symbol) [0x00007FF6C7CC2F6F]
	BaseThreadInitThunk [0x00007FF8D4351FE4+20]
	RtlUserThreadStart [0x00007FF8D5ADEF91+33]

2024-05-29 13:24:27,460 - ERROR - Error getting text from element with XPath './/time': Message: no such element: Unable to locate element: {"method":"xpath","selector":".//time"}
  (Session info: chrome=125.0.6422.112); For documentation on this error, please visit: https://www.selenium.dev/documentation/webdriver/troubleshooting/errors#no-such-element-exception
Stacktrace:
	GetHandleVerifier [0x00007FF6C7D51F22+60322]
	(No symbol) [0x00007FF6C7CCCE99]
	(No symbol) [0x00007FF6C7B87EBA]
	(No symbol) [0x00007FF6C7BD7676]
	(No symbol) [0x00007FF6C7BD773C]
	(No symbol) [0x00007FF6C7BCAEEC]
	(No symbol) [0x00007FF6C7BFC25F]
	(No symbol) [0x00007FF6C7BCADB6]
	(No symbol) [0x00007FF6C7BFC430]
	(No symbol) [0x00007FF6C7C1BC80]
	(No symbol) [0x00007FF6C7BFBFC3]
	(No symbol) [0x00007FF6C7BC9617]
	(No symbol) [0x00007FF6C7BCA211]
	GetHandleVerifier [0x00007FF6C806946D+3301613]
	GetHandleVerifier [0x00007FF6C80B3693+3605267]
	GetHandleVerifier [0x00007FF6C80A9410+3563664]
	GetHandleVerifier [0x00007FF6C7E042F6+790390]
	(No symbol) [0x00007FF6C7CD74DF]
	(No symbol) [0x00007FF6C7CD33D4]
	(No symbol) [0x00007FF6C7CD3562]
	(No symbol) [0x00007FF6C7CC2F6F]
	BaseThreadInitThunk [0x00007FF8D4351FE4+20]
	RtlUserThreadStart [0x00007FF8D5ADEF91+33]

2024-05-29 13:24:29,408 - ERROR - Error getting text from element with XPath './/time': Message: no such element: Unable to locate element: {"method":"xpath","selector":".//time"}
  (Session info: chrome=125.0.6422.112); For documentation on this error, please visit: https://www.selenium.dev/documentation/webdriver/troubleshooting/errors#no-such-element-exception
Stacktrace:
	GetHandleVerifier [0x00007FF6C7D51F22+60322]
	(No symbol) [0x00007FF6C7CCCE99]
	(No symbol) [0x00007FF6C7B87EBA]
	(No symbol) [0x00007FF6C7BD7676]
	(No symbol) [0x00007FF6C7BD773C]
	(No symbol) [0x00007FF6C7BCAEEC]
	(No symbol) [0x00007FF6C7BFC25F]
	(No symbol) [0x00007FF6C7BCADB6]
	(No symbol) [0x00007FF6C7BFC430]
	(No symbol) [0x00007FF6C7C1BC80]
	(No symbol) [0x00007FF6C7BFBFC3]
	(No symbol) [0x00007FF6C7BC9617]
	(No symbol) [0x00007FF6C7BCA211]
	GetHandleVerifier [0x00007FF6C806946D+3301613]
	GetHandleVerifier [0x00007FF6C80B3693+3605267]
	GetHandleVerifier [0x00007FF6C80A9410+3563664]
	GetHandleVerifier [0x00007FF6C7E042F6+790390]
	(No symbol) [0x00007FF6C7CD74DF]
	(No symbol) [0x00007FF6C7CD33D4]
	(No symbol) [0x00007FF6C7CD3562]
	(No symbol) [0x00007FF6C7CC2F6F]
	BaseThreadInitThunk [0x00007FF8D4351FE4+20]
	RtlUserThreadStart [0x00007FF8D5ADEF91+33]

2024-05-29 13:24:31,395 - INFO - News data saved to 'news_data.xlsx'.
